mytesto/build/app/intermediates/manifest_merge_blame_file/debug/manifest-merger-blame-debug-report.txt
1<?xml version="1.0" encoding="utf-8"?>
2<manifest xmlns:android="http://schemas.android.com/apk/res/android"
3    package="com.example.mytesto"
4    android:versionCode="1"
5    android:versionName="1.0.0" >
6
7    <uses-sdk
8        android:minSdkVersion="21"
9        android:targetSdkVersion="33" />
10    <!--
11         The INTERNET permission is required for development. Specifically,
12         the Flutter tool needs it to communicate with the running application
13         to allow setting breakpoints, to provide hot reload, etc.
14    -->
15    <uses-permission android:name="android.permission.INTERNET" />
15-->src\debug\AndroidManifest.xml:6:5-66
15-->src\debug\AndroidManifest.xml:6:22-64
16    <!--
17     Required to query activities that can process text, see:
18         https://developer.android.com/training/package-visibility?hl=en and
19         https://developer.android.com/reference/android/content/Intent#ACTION_PROCESS_TEXT.
20
21         In particular, this is used by the Flutter engine in io.flutter.plugin.text.ProcessTextPlugin.
22    -->
23    <queries>
23-->src\main\AndroidManifest.xml:38:5-43:15
24        <intent>
24-->src\main\AndroidManifest.xml:39:9-42:18
25            <action android:name="android.intent.action.PROCESS_TEXT" />
25-->src\main\AndroidManifest.xml:40:13-72
25-->src\main\AndroidManifest.xml:40:21-70
26
27            <data android:mimeType="text/plain" />
27-->src\main\AndroidManifest.xml:41:13-50
27-->src\main\AndroidManifest.xml:41:19-48
28        </intent>
29    </queries>
30
31    <uses-permission android:name="android.permission.CAMERA" />
31-->[:camera_android] AndroidManifest.xml:9:5-65
31-->[:camera_android] AndroidManifest.xml:9:22-62
32    <uses-permission android:name="android.permission.RECORD_AUDIO" />
32-->[:camera_android] AndroidManifest.xml:10:5-71
32-->[:camera_android] AndroidManifest.xml:10:22-68
33    <uses-permission
33-->[:photo_manager] AndroidManifest.xml:9:5-11:38
34        android:name="android.permission.READ_EXTERNAL_STORAGE"
34-->[:photo_manager] AndroidManifest.xml:10:9-64
35        android:maxSdkVersion="32" />
35-->[:photo_manager] AndroidManifest.xml:11:9-35
36
37    <permission
37-->[androidx.core:core:1.10.1] AndroidManifest.xml:22:5-24:47
38        android:name="com.example.mytesto.DYNAMIC_RECEIVER_NOT_EXPORTED_PERMISSION"
38-->[androidx.core:core:1.10.1] AndroidManifest.xml:23:9-81
39        android:protectionLevel="signature" />
39-->[androidx.core:core:1.10.1] AndroidManifest.xml:24:9-44
40
41    <uses-permission android:name="com.example.mytesto.DYNAMIC_RECEIVER_NOT_EXPORTED_PERMISSION" /> <!-- Don't require camera, as this requires a rear camera. This allows it to work on the Nexus 7 -->
41-->[androidx.core:core:1.10.1] AndroidManifest.xml:26:5-97
41-->[androidx.core:core:1.10.1] AndroidManifest.xml:26:22-94
42    <uses-feature
42-->[com.journeyapps:zxing-android-embedded:4.3.0] AndroidManifest.xml:25:5-27:36
43        android:name="android.hardware.camera"
43-->[com.journeyapps:zxing-android-embedded:4.3.0] AndroidManifest.xml:26:9-47
44        android:required="false" />
44-->[com.journeyapps:zxing-android-embedded:4.3.0] AndroidManifest.xml:27:9-33
45    <uses-feature
45-->[com.journeyapps:zxing-android-embedded:4.3.0] AndroidManifest.xml:28:5-30:36
46        android:name="android.hardware.camera.front"
46-->[com.journeyapps:zxing-android-embedded:4.3.0] AndroidManifest.xml:29:9-53
47        android:required="false" /> <!-- TODO replace above two with next line after Android 4.2 -->
47-->[com.journeyapps:zxing-android-embedded:4.3.0] AndroidManifest.xml:30:9-33
48    <!-- <uses-feature android:name="android.hardware.camera.any"/> -->
49    <uses-feature
49-->[com.journeyapps:zxing-android-embedded:4.3.0] AndroidManifest.xml:33:5-35:36
50        android:name="android.hardware.camera.autofocus"
50-->[com.journeyapps:zxing-android-embedded:4.3.0] AndroidManifest.xml:34:9-57
51        android:required="false" />
51-->[com.journeyapps:zxing-android-embedded:4.3.0] AndroidManifest.xml:35:9-33
52    <uses-feature
52-->[com.journeyapps:zxing-android-embedded:4.3.0] AndroidManifest.xml:36:5-38:36
53        android:name="android.hardware.camera.flash"
53-->[com.journeyapps:zxing-android-embedded:4.3.0] AndroidManifest.xml:37:9-53
54        android:required="false" />
54-->[com.journeyapps:zxing-android-embedded:4.3.0] AndroidManifest.xml:38:9-33
55    <uses-feature
55-->[com.journeyapps:zxing-android-embedded:4.3.0] AndroidManifest.xml:39:5-41:36
56        android:name="android.hardware.screen.landscape"
56-->[com.journeyapps:zxing-android-embedded:4.3.0] AndroidManifest.xml:40:9-57
57        android:required="false" />
57-->[com.journeyapps:zxing-android-embedded:4.3.0] AndroidManifest.xml:41:9-33
58    <uses-feature
58-->[com.journeyapps:zxing-android-embedded:4.3.0] AndroidManifest.xml:42:5-44:36
59        android:name="android.hardware.wifi"
59-->[com.journeyapps:zxing-android-embedded:4.3.0] AndroidManifest.xml:43:9-45
60        android:required="false" />
60-->[com.journeyapps:zxing-android-embedded:4.3.0] AndroidManifest.xml:44:9-33
61
62    <application
63        android:name="android.app.Application"
64        android:appComponentFactory="androidx.core.app.CoreComponentFactory"
64-->[androidx.core:core:1.10.1] AndroidManifest.xml:28:18-86
65        android:debuggable="true"
66        android:icon="@mipmap/ic_launcher"
67        android:label="mytesto" >
68        <activity
69            android:name="com.example.mytesto.MainActivity"
70            android:configChanges="orientation|keyboardHidden|keyboard|screenSize|smallestScreenSize|locale|layoutDirection|fontScale|screenLayout|density|uiMode"
71            android:exported="true"
72            android:hardwareAccelerated="true"
73            android:launchMode="singleTop"
74            android:theme="@style/LaunchTheme"
75            android:windowSoftInputMode="adjustResize" >
76
77            <!--
78                 Specifies an Android theme to apply to this Activity as soon as
79                 the Android process has started. This theme is visible to the user
80                 while the Flutter UI initializes. After that, this theme continues
81                 to determine the Window background behind the Flutter UI.
82            -->
83            <meta-data
84                android:name="io.flutter.embedding.android.NormalTheme"
85                android:resource="@style/NormalTheme" />
86
87            <intent-filter>
88                <action android:name="android.intent.action.MAIN" />
89
90                <category android:name="android.intent.category.LAUNCHER" />
91            </intent-filter>
92        </activity>
93        <!--
94             Don't delete the meta-data below.
95             This is used by the Flutter tool to generate GeneratedPluginRegistrant.java
96        -->
97        <meta-data
98            android:name="flutterEmbedding"
99            android:value="2" />
100
101        <provider
101-->[:image_picker_android] AndroidManifest.xml:11:9-19:20
102            android:name="io.flutter.plugins.imagepicker.ImagePickerFileProvider"
102-->[:image_picker_android] AndroidManifest.xml:12:13-82
103            android:authorities="com.example.mytesto.flutter.image_provider"
103-->[:image_picker_android] AndroidManifest.xml:13:13-74
104            android:exported="false"
104-->[:image_picker_android] AndroidManifest.xml:14:13-37
105            android:grantUriPermissions="true" >
105-->[:image_picker_android] AndroidManifest.xml:15:13-47
106            <meta-data
106-->[:image_picker_android] AndroidManifest.xml:16:13-18:75
107                android:name="android.support.FILE_PROVIDER_PATHS"
107-->[:image_picker_android] AndroidManifest.xml:17:17-67
108                android:resource="@xml/flutter_image_picker_file_paths" />
108-->[:image_picker_android] AndroidManifest.xml:18:17-72
109        </provider> <!-- Trigger Google Play services to install the backported photo picker module. -->
110        <service
110-->[:image_picker_android] AndroidManifest.xml:21:9-33:19
111            android:name="com.google.android.gms.metadata.ModuleDependencies"
111-->[:image_picker_android] AndroidManifest.xml:22:13-78
112            android:enabled="false"
112-->[:image_picker_android] AndroidManifest.xml:23:13-36
113            android:exported="false" >
113-->[:image_picker_android] AndroidManifest.xml:24:13-37
114            <intent-filter>
114-->[:image_picker_android] AndroidManifest.xml:26:13-28:29
115                <action android:name="com.google.android.gms.metadata.MODULE_DEPENDENCIES" />
115-->[:image_picker_android] AndroidManifest.xml:27:17-94
115-->[:image_picker_android] AndroidManifest.xml:27:25-91
116            </intent-filter>
117
118            <meta-data
118-->[:image_picker_android] AndroidManifest.xml:30:13-32:36
119                android:name="photopicker_activity:0:required"
119-->[:image_picker_android] AndroidManifest.xml:31:17-63
120                android:value="" />
120-->[:image_picker_android] AndroidManifest.xml:32:17-33
121        </service>
122
123        <provider
123-->[androidx.emoji2:emoji2:1.0.0] AndroidManifest.xml:26:9-34:20
124            android:name="androidx.startup.InitializationProvider"
124-->[androidx.emoji2:emoji2:1.0.0] AndroidManifest.xml:27:13-67
125            android:authorities="com.example.mytesto.androidx-startup"
125-->[androidx.emoji2:emoji2:1.0.0] AndroidManifest.xml:28:13-68
126            android:exported="false" >
126-->[androidx.emoji2:emoji2:1.0.0] AndroidManifest.xml:29:13-37
127            <meta-data
127-->[androidx.emoji2:emoji2:1.0.0] AndroidManifest.xml:31:13-33:52
128                android:name="androidx.emoji2.text.EmojiCompatInitializer"
128-->[androidx.emoji2:emoji2:1.0.0] AndroidManifest.xml:32:17-75
129                android:value="androidx.startup" />
129-->[androidx.emoji2:emoji2:1.0.0] AndroidManifest.xml:33:17-49
130            <meta-data
130-->[androidx.lifecycle:lifecycle-process:2.6.1] AndroidManifest.xml:29:13-31:52
131                android:name="androidx.lifecycle.ProcessLifecycleInitializer"
131-->[androidx.lifecycle:lifecycle-process:2.6.1] AndroidManifest.xml:30:17-78
132                android:value="androidx.startup" />
132-->[androidx.lifecycle:lifecycle-process:2.6.1] AndroidManifest.xml:31:17-49
133            <meta-data
133-->[androidx.profileinstaller:profileinstaller:1.3.0] AndroidManifest.xml:29:13-31:52
134                android:name="androidx.profileinstaller.ProfileInstallerInitializer"
134-->[androidx.profileinstaller:profileinstaller:1.3.0] AndroidManifest.xml:30:17-85
135                android:value="androidx.startup" />
135-->[androidx.profileinstaller:profileinstaller:1.3.0] AndroidManifest.xml:31:17-49
136        </provider>
137
138        <uses-library
138-->[androidx.window:window:1.0.0-beta04] AndroidManifest.xml:25:9-27:40
139            android:name="androidx.window.extensions"
139-->[androidx.window:window:1.0.0-beta04] AndroidManifest.xml:26:13-54
140            android:required="false" />
140-->[androidx.window:window:1.0.0-beta04] AndroidManifest.xml:27:13-37
141        <uses-library
141-->[androidx.window:window:1.0.0-beta04] AndroidManifest.xml:28:9-30:40
142            android:name="androidx.window.sidecar"
142-->[androidx.window:window:1.0.0-beta04] AndroidManifest.xml:29:13-51
143            android:required="false" />
143-->[androidx.window:window:1.0.0-beta04] AndroidManifest.xml:30:13-37
144
145        <receiver
145-->[androidx.profileinstaller:profileinstaller:1.3.0] AndroidManifest.xml:34:9-52:20
146            android:name="androidx.profileinstaller.ProfileInstallReceiver"
146-->[androidx.profileinstaller:profileinstaller:1.3.0] AndroidManifest.xml:35:13-76
147            android:directBootAware="false"
147-->[androidx.profileinstaller:profileinstaller:1.3.0] AndroidManifest.xml:36:13-44
148            android:enabled="true"
148-->[androidx.profileinstaller:profileinstaller:1.3.0] AndroidManifest.xml:37:13-35
149            android:exported="true"
149-->[androidx.profileinstaller:profileinstaller:1.3.0] AndroidManifest.xml:38:13-36
150            android:permission="android.permission.DUMP" >
150-->[androidx.profileinstaller:profileinstaller:1.3.0] AndroidManifest.xml:39:13-57
151            <intent-filter>
151-->[androidx.profileinstaller:profileinstaller:1.3.0] AndroidManifest.xml:40:13-42:29
152                <action android:name="androidx.profileinstaller.action.INSTALL_PROFILE" />
152-->[androidx.profileinstaller:profileinstaller:1.3.0] AndroidManifest.xml:41:17-91
152-->[androidx.profileinstaller:profileinstaller:1.3.0] AndroidManifest.xml:41:25-88
153            </intent-filter>
154            <intent-filter>
154-->[androidx.profileinstaller:profileinstaller:1.3.0] AndroidManifest.xml:43:13-45:29
155                <action android:name="androidx.profileinstaller.action.SKIP_FILE" />
155-->[androidx.profileinstaller:profileinstaller:1.3.0] AndroidManifest.xml:44:17-85
155-->[androidx.profileinstaller:profileinstaller:1.3.0] AndroidManifest.xml:44:25-82
156            </intent-filter>
157            <intent-filter>
157-->[androidx.profileinstaller:profileinstaller:1.3.0] AndroidManifest.xml:46:13-48:29
158                <action android:name="androidx.profileinstaller.action.SAVE_PROFILE" />
158-->[androidx.profileinstaller:profileinstaller:1.3.0] AndroidManifest.xml:47:17-88
158-->[androidx.profileinstaller:profileinstaller:1.3.0] AndroidManifest.xml:47:25-85
159            </intent-filter>
160            <intent-filter>
160-->[androidx.profileinstaller:profileinstaller:1.3.0] AndroidManifest.xml:49:13-51:29
161                <action android:name="androidx.profileinstaller.action.BENCHMARK_OPERATION" />
161-->[androidx.profileinstaller:profileinstaller:1.3.0] AndroidManifest.xml:50:17-95
161-->[androidx.profileinstaller:profileinstaller:1.3.0] AndroidManifest.xml:50:25-92
162            </intent-filter>
163        </receiver>
164
165        <activity
165-->[com.journeyapps:zxing-android-embedded:4.3.0] AndroidManifest.xml:47:9-53:63
166            android:name="com.journeyapps.barcodescanner.CaptureActivity"
166-->[com.journeyapps:zxing-android-embedded:4.3.0] AndroidManifest.xml:48:13-74
167            android:clearTaskOnLaunch="true"
167-->[com.journeyapps:zxing-android-embedded:4.3.0] AndroidManifest.xml:49:13-45
168            android:screenOrientation="sensorLandscape"
168-->[com.journeyapps:zxing-android-embedded:4.3.0] AndroidManifest.xml:50:13-56
169            android:stateNotNeeded="true"
169-->[com.journeyapps:zxing-android-embedded:4.3.0] AndroidManifest.xml:51:13-42
170            android:theme="@style/zxing_CaptureTheme"
170-->[com.journeyapps:zxing-android-embedded:4.3.0] AndroidManifest.xml:52:13-54
171            android:windowSoftInputMode="stateAlwaysHidden" />
171-->[com.journeyapps:zxing-android-embedded:4.3.0] AndroidManifest.xml:53:13-60
172    </application>
173
174</manifest>